Arguments: 
  C:\Program Files\nodejs\node.exe C:\Users\MANOHAR\AppData\Roaming\npm\node_modules\yarn\bin\yarn.js start

PATH: 
  C:\ProgramData\Oracle\Java\javapath;C:\WINDOWS\system32;C:\WINDOWS;C:\WINDOWS\System32\Wbem;C:\WINDOWS\System32\WindowsPowerShell\v1.0\;C:\Program Files\Java\jdk1.8.0_151\bin;C:\Android;C:\Windows\System32;C:\Program Files (x86)\Skype\Phone\;C:\WINDOWS\System32\OpenSSH\;C:\Program Files\Microsoft VS Code\bin;C:\Program Files\Git\cmd;C:\Program Files\nodejs\;C:\Users\MANOHAR\AppData\Local\Microsoft\WindowsApps;C:\Users\MANOHAR\AppData\Local\Android\Sdk\tools;C:\Users\MANOHAR\AppData\Local\Android\Sdk\platform-tools;C:\Program Files (x86)\Sophos\Sophos SSL VPN Client\bin;C:\Users\MANOHAR\AppData\Roaming\npm

Yarn version: 
  1.3.2

Node version: 
  10.8.0

Platform: 
  win32 x64

npm manifest: 
  {
    "name": "bookworm-api",
    "version": "1.0.0",
    "main": "index.js",
    "license": "MIT"
    "scripts": {
      "start":"node src/index.js"
    }
  }

yarn manifest: 
  No manifest

Lockfile: 
  No lockfile

Trace: 
  SyntaxError: C:\Users\MANOHAR\Desktop\bookWorm\bookworm-api\package.json: Unexpected string in JSON at position 93
      at JSON.parse (<anonymous>)
      at C:\Users\MANOHAR\AppData\Roaming\npm\node_modules\yarn\lib\cli.js:770:59
      at Generator.next (<anonymous>)
      at step (C:\Users\MANOHAR\AppData\Roaming\npm\node_modules\yarn\lib\cli.js:92:30)
      at C:\Users\MANOHAR\AppData\Roaming\npm\node_modules\yarn\lib\cli.js:103:13
